2020-07-31 16:46:10,896 [Worker-2: Loading available Gradle versions] INFO  o.e.b.c.i.u.g.PublishedGradleVersions - Gradle version information cache is up-to-date. Trying to read.
2020-07-31 16:48:20,692 [Worker-8: Building] INFO  o.e.m.c.i.l.LifecycleMappingFactory - Using org.maven.ide.eclipse.wtp.WarLifecycleMapping lifecycle mapping for MavenProject: dxc:HelloSpringEx:0.0.1-SNAPSHOT @ C:\Users\Lenovo\Desktop\SpringDemo\HelloSpringEx\pom.xml.
2020-07-31 16:48:28,158 [Worker-8: Building] INFO  o.e.m.c.i.embedder.EclipseLogger - Using 'UTF-8' encoding to copy filtered resources.
2020-07-31 16:48:28,196 [Worker-8: Building] INFO  o.e.m.c.i.embedder.EclipseLogger - Copying 0 resource
2020-07-31 16:48:28,201 [Worker-8: Building] INFO  o.e.m.c.i.embedder.EclipseLogger - Using 'UTF-8' encoding to copy filtered resources.
2020-07-31 16:48:28,202 [Worker-8: Building] INFO  o.e.m.c.i.embedder.EclipseLogger - skip non existing resourceDirectory C:\Users\Lenovo\Desktop\SpringDemo\HelloSpringEx\src\test\resources
2020-07-31 16:48:30,066 [Worker-4: Building] INFO  o.e.m.c.i.embedder.EclipseLogger - Using 'UTF-8' encoding to copy filtered resources.
2020-07-31 16:48:30,072 [Worker-4: Building] INFO  o.e.m.c.i.embedder.EclipseLogger - Copying 0 resource
2020-07-31 16:48:30,076 [Worker-4: Building] INFO  o.e.m.c.i.embedder.EclipseLogger - Using 'UTF-8' encoding to copy filtered resources.
2020-07-31 16:48:30,076 [Worker-4: Building] INFO  o.e.m.c.i.embedder.EclipseLogger - skip non existing resourceDirectory C:\Users\Lenovo\Desktop\SpringDemo\HelloSpringEx\src\test\resources
2020-07-31 16:48:59,712 [Worker-4: Building] INFO  o.e.m.c.i.embedder.EclipseLogger - Using 'UTF-8' encoding to copy filtered resources.
2020-07-31 16:48:59,714 [Worker-4: Building] INFO  o.e.m.c.i.embedder.EclipseLogger - Copying 0 resource
2020-07-31 16:48:59,716 [Worker-4: Building] INFO  o.e.m.c.i.embedder.EclipseLogger - Using 'UTF-8' encoding to copy filtered resources.
2020-07-31 16:48:59,717 [Worker-4: Building] INFO  o.e.m.c.i.embedder.EclipseLogger - skip non existing resourceDirectory C:\Users\Lenovo\Desktop\SpringDemo\HelloSpringEx\src\test\resources
2020-07-31 16:54:40,098 [Worker-9: Building] INFO  o.e.m.c.i.embedder.EclipseLogger - Using 'UTF-8' encoding to copy filtered resources.
2020-07-31 16:54:40,100 [Worker-9: Building] INFO  o.e.m.c.i.embedder.EclipseLogger - Copying 0 resource
2020-07-31 16:54:40,102 [Worker-9: Building] INFO  o.e.m.c.i.embedder.EclipseLogger - Using 'UTF-8' encoding to copy filtered resources.
2020-07-31 16:54:40,103 [Worker-9: Building] INFO  o.e.m.c.i.embedder.EclipseLogger - skip non existing resourceDirectory C:\Users\Lenovo\Desktop\SpringDemo\HelloSpringEx\src\test\resources
2020-07-31 16:55:08,479 [Worker-9: Building] INFO  o.e.m.c.i.embedder.EclipseLogger - Using 'UTF-8' encoding to copy filtered resources.
2020-07-31 16:55:08,481 [Worker-9: Building] INFO  o.e.m.c.i.embedder.EclipseLogger - Copying 0 resource
2020-07-31 16:55:08,485 [Worker-9: Building] INFO  o.e.m.c.i.embedder.EclipseLogger - Using 'UTF-8' encoding to copy filtered resources.
2020-07-31 16:55:08,486 [Worker-9: Building] INFO  o.e.m.c.i.embedder.EclipseLogger - skip non existing resourceDirectory C:\Users\Lenovo\Desktop\SpringDemo\HelloSpringEx\src\test\resources
2020-07-31 17:00:19,790 [Worker-18: Building] INFO  o.e.m.c.i.embedder.EclipseLogger - Using 'UTF-8' encoding to copy filtered resources.
2020-07-31 17:00:19,792 [Worker-18: Building] INFO  o.e.m.c.i.embedder.EclipseLogger - Copying 0 resource
2020-07-31 17:00:19,794 [Worker-18: Building] INFO  o.e.m.c.i.embedder.EclipseLogger - Using 'UTF-8' encoding to copy filtered resources.
2020-07-31 17:00:19,795 [Worker-18: Building] INFO  o.e.m.c.i.embedder.EclipseLogger - skip non existing resourceDirectory C:\Users\Lenovo\Desktop\SpringDemo\HelloSpringEx\src\test\resources
2020-07-31 17:01:52,879 [Worker-21: Building] INFO  o.e.m.c.i.embedder.EclipseLogger - Using 'UTF-8' encoding to copy filtered resources.
2020-07-31 17:01:52,881 [Worker-21: Building] INFO  o.e.m.c.i.embedder.EclipseLogger - Copying 0 resource
2020-07-31 17:01:52,883 [Worker-21: Building] INFO  o.e.m.c.i.embedder.EclipseLogger - Using 'UTF-8' encoding to copy filtered resources.
2020-07-31 17:01:52,884 [Worker-21: Building] INFO  o.e.m.c.i.embedder.EclipseLogger - skip non existing resourceDirectory C:\Users\Lenovo\Desktop\SpringDemo\HelloSpringEx\src\test\resources
2020-07-31 17:04:00,696 [Worker-19: Building] INFO  o.e.m.c.i.embedder.EclipseLogger - Using 'UTF-8' encoding to copy filtered resources.
2020-07-31 17:04:00,697 [Worker-19: Building] INFO  o.e.m.c.i.embedder.EclipseLogger - Copying 0 resource
2020-07-31 17:04:00,701 [Worker-19: Building] INFO  o.e.m.c.i.embedder.EclipseLogger - Using 'UTF-8' encoding to copy filtered resources.
2020-07-31 17:04:00,702 [Worker-19: Building] INFO  o.e.m.c.i.embedder.EclipseLogger - skip non existing resourceDirectory C:\Users\Lenovo\Desktop\SpringDemo\HelloSpringEx\src\test\resources
2020-07-31 17:05:01,461 [Worker-21: Building] INFO  o.e.m.c.i.embedder.EclipseLogger - Using 'UTF-8' encoding to copy filtered resources.
2020-07-31 17:05:01,462 [Worker-21: Building] INFO  o.e.m.c.i.embedder.EclipseLogger - Copying 0 resource
2020-07-31 17:05:01,465 [Worker-21: Building] INFO  o.e.m.c.i.embedder.EclipseLogger - Using 'UTF-8' encoding to copy filtered resources.
2020-07-31 17:05:01,466 [Worker-21: Building] INFO  o.e.m.c.i.embedder.EclipseLogger - skip non existing resourceDirectory C:\Users\Lenovo\Desktop\SpringDemo\HelloSpringEx\src\test\resources
2020-07-31 17:07:56,728 [Worker-16: Building] INFO  o.e.m.c.i.embedder.EclipseLogger - Using 'UTF-8' encoding to copy filtered resources.
2020-07-31 17:07:56,728 [Worker-16: Building] INFO  o.e.m.c.i.embedder.EclipseLogger - Copying 0 resource
2020-07-31 17:07:56,734 [Worker-16: Building] INFO  o.e.m.c.i.embedder.EclipseLogger - Using 'UTF-8' encoding to copy filtered resources.
2020-07-31 17:07:56,735 [Worker-16: Building] INFO  o.e.m.c.i.embedder.EclipseLogger - skip non existing resourceDirectory C:\Users\Lenovo\Desktop\SpringDemo\HelloSpringEx\src\test\resources
2020-07-31 17:08:49,599 [Worker-13: Building] INFO  o.e.m.c.i.embedder.EclipseLogger - Using 'UTF-8' encoding to copy filtered resources.
2020-07-31 17:08:49,601 [Worker-13: Building] INFO  o.e.m.c.i.embedder.EclipseLogger - Copying 0 resource
2020-07-31 17:08:49,604 [Worker-13: Building] INFO  o.e.m.c.i.embedder.EclipseLogger - Using 'UTF-8' encoding to copy filtered resources.
2020-07-31 17:08:49,605 [Worker-13: Building] INFO  o.e.m.c.i.embedder.EclipseLogger - skip non existing resourceDirectory C:\Users\Lenovo\Desktop\SpringDemo\HelloSpringEx\src\test\resources
2020-07-31 17:18:08,229 [Worker-30: Building] INFO  o.e.m.c.i.embedder.EclipseLogger - Using 'UTF-8' encoding to copy filtered resources.
2020-07-31 17:18:08,239 [Worker-30: Building] INFO  o.e.m.c.i.embedder.EclipseLogger - Copying 0 resource
2020-07-31 17:18:08,246 [Worker-30: Building] INFO  o.e.m.c.i.embedder.EclipseLogger - Using 'UTF-8' encoding to copy filtered resources.
2020-07-31 17:18:08,246 [Worker-30: Building] INFO  o.e.m.c.i.embedder.EclipseLogger - skip non existing resourceDirectory C:\Users\Lenovo\Desktop\SpringDemo\HelloSpringEx\src\test\resources
2020-07-31 17:20:06,140 [Worker-27: Building] INFO  o.e.m.c.i.embedder.EclipseLogger - Using 'UTF-8' encoding to copy filtered resources.
2020-07-31 17:20:06,141 [Worker-27: Building] INFO  o.e.m.c.i.embedder.EclipseLogger - Copying 0 resource
2020-07-31 17:20:06,143 [Worker-27: Building] INFO  o.e.m.c.i.embedder.EclipseLogger - Using 'UTF-8' encoding to copy filtered resources.
2020-07-31 17:20:06,146 [Worker-27: Building] INFO  o.e.m.c.i.embedder.EclipseLogger - skip non existing resourceDirectory C:\Users\Lenovo\Desktop\SpringDemo\HelloSpringEx\src\test\resources
2020-07-31 17:24:18,808 [Worker-2: Loading available Gradle versions] INFO  o.e.b.c.i.u.g.PublishedGradleVersions - Gradle version information cache is up-to-date. Trying to read.
2020-08-01 09:36:34,689 [Worker-3: Loading available Gradle versions] INFO  o.e.b.c.i.u.g.PublishedGradleVersions - Gradle version information cache is up-to-date. Trying to read.
2020-08-01 09:48:14,421 [Worker-16: Building] INFO  o.e.m.c.i.embedder.EclipseLogger - Using 'UTF-8' encoding to copy filtered resources.
2020-08-01 09:48:14,500 [Worker-16: Building] INFO  o.e.m.c.i.embedder.EclipseLogger - Copying 0 resource
2020-08-01 09:48:14,504 [Worker-16: Building] INFO  o.e.m.c.i.embedder.EclipseLogger - Using 'UTF-8' encoding to copy filtered resources.
2020-08-01 09:48:14,504 [Worker-16: Building] INFO  o.e.m.c.i.embedder.EclipseLogger - skip non existing resourceDirectory C:\Users\Lenovo\Desktop\SpringDemo\HelloSpringEx\src\test\resources
2020-08-01 09:48:30,762 [Worker-19: Building] INFO  o.e.m.c.i.embedder.EclipseLogger - Using 'UTF-8' encoding to copy filtered resources.
2020-08-01 09:48:30,770 [Worker-19: Building] INFO  o.e.m.c.i.embedder.EclipseLogger - Copying 0 resource
2020-08-01 09:48:30,774 [Worker-19: Building] INFO  o.e.m.c.i.embedder.EclipseLogger - Using 'UTF-8' encoding to copy filtered resources.
2020-08-01 09:48:30,774 [Worker-19: Building] INFO  o.e.m.c.i.embedder.EclipseLogger - skip non existing resourceDirectory C:\Users\Lenovo\Desktop\SpringDemo\HelloSpringEx\src\test\resources
2020-08-01 12:02:48,460 [Worker-48: Building] INFO  o.e.m.c.i.l.LifecycleMappingFactory - Using org.maven.ide.eclipse.wtp.WarLifecycleMapping lifecycle mapping for MavenProject: dxc:CanteenManagement:0.0.1-SNAPSHOT @ C:\Users\Lenovo\Desktop\CanteenManagement\pom.xml.
2020-08-01 12:03:00,711 [Worker-48: Building] INFO  o.e.m.c.i.embedder.EclipseLogger - Using 'UTF-8' encoding to copy filtered resources.
2020-08-01 12:03:00,712 [Worker-48: Building] INFO  o.e.m.c.i.embedder.EclipseLogger - Copying 0 resource
2020-08-01 12:03:00,715 [Worker-48: Building] INFO  o.e.m.c.i.embedder.EclipseLogger - Using 'UTF-8' encoding to copy filtered resources.
2020-08-01 12:03:00,715 [Worker-48: Building] INFO  o.e.m.c.i.embedder.EclipseLogger - skip non existing resourceDirectory C:\Users\Lenovo\Desktop\CanteenManagement\src\test\resources
2020-08-01 12:03:04,073 [Worker-54: Building] INFO  o.e.m.c.i.embedder.EclipseLogger - Using 'UTF-8' encoding to copy filtered resources.
2020-08-01 12:03:04,074 [Worker-54: Building] INFO  o.e.m.c.i.embedder.EclipseLogger - Copying 0 resource
2020-08-01 12:03:04,079 [Worker-54: Building] INFO  o.e.m.c.i.embedder.EclipseLogger - Using 'UTF-8' encoding to copy filtered resources.
2020-08-01 12:03:04,080 [Worker-54: Building] INFO  o.e.m.c.i.embedder.EclipseLogger - skip non existing resourceDirectory C:\Users\Lenovo\Desktop\CanteenManagement\src\test\resources
2020-08-01 12:03:07,175 [Worker-53: Building] INFO  o.e.m.c.i.embedder.EclipseLogger - Using 'UTF-8' encoding to copy filtered resources.
2020-08-01 12:03:07,176 [Worker-53: Building] INFO  o.e.m.c.i.embedder.EclipseLogger - Copying 0 resource
2020-08-01 12:03:07,178 [Worker-53: Building] INFO  o.e.m.c.i.embedder.EclipseLogger - Using 'UTF-8' encoding to copy filtered resources.
2020-08-01 12:03:07,179 [Worker-53: Building] INFO  o.e.m.c.i.embedder.EclipseLogger - skip non existing resourceDirectory C:\Users\Lenovo\Desktop\CanteenManagement\src\test\resources
2020-08-01 12:03:08,064 [Worker-53: Building] INFO  o.e.m.c.i.l.LifecycleMappingFactory - Using org.maven.ide.eclipse.wtp.WarLifecycleMapping lifecycle mapping for MavenProject: dxc:cms:0.0.1-SNAPSHOT @ C:\Users\Lenovo\Desktop\CanteenManagement\cms\pom.xml.
2020-08-01 12:03:20,161 [Worker-53: Building] INFO  o.e.m.c.i.embedder.EclipseLogger - Using 'UTF-8' encoding to copy filtered resources.
2020-08-01 12:03:20,162 [Worker-53: Building] INFO  o.e.m.c.i.embedder.EclipseLogger - Copying 0 resource
2020-08-01 12:03:20,165 [Worker-53: Building] INFO  o.e.m.c.i.embedder.EclipseLogger - Using 'UTF-8' encoding to copy filtered resources.
2020-08-01 12:03:20,167 [Worker-53: Building] INFO  o.e.m.c.i.embedder.EclipseLogger - skip non existing resourceDirectory C:\Users\Lenovo\Desktop\CanteenManagement\cms\src\test\resources
2020-08-01 12:03:30,944 [Worker-52: Building] INFO  o.e.m.c.i.embedder.EclipseLogger - Using 'UTF-8' encoding to copy filtered resources.
2020-08-01 12:03:30,946 [Worker-52: Building] INFO  o.e.m.c.i.embedder.EclipseLogger - Copying 0 resource
2020-08-01 12:03:30,974 [Worker-52: Building] INFO  o.e.m.c.i.embedder.EclipseLogger - Using 'UTF-8' encoding to copy filtered resources.
2020-08-01 12:03:30,975 [Worker-52: Building] INFO  o.e.m.c.i.embedder.EclipseLogger - skip non existing resourceDirectory C:\Users\Lenovo\Desktop\CanteenManagement\src\test\resources
2020-08-01 12:03:32,288 [Worker-52: Building] INFO  o.e.m.c.i.embedder.EclipseLogger - Using 'UTF-8' encoding to copy filtered resources.
2020-08-01 12:03:32,289 [Worker-52: Building] INFO  o.e.m.c.i.embedder.EclipseLogger - Copying 0 resource
2020-08-01 12:03:32,291 [Worker-52: Building] INFO  o.e.m.c.i.embedder.EclipseLogger - Using 'UTF-8' encoding to copy filtered resources.
2020-08-01 12:03:32,292 [Worker-52: Building] INFO  o.e.m.c.i.embedder.EclipseLogger - skip non existing resourceDirectory C:\Users\Lenovo\Desktop\CanteenManagement\src\test\resources
2020-08-01 12:03:32,705 [Worker-52: Building] INFO  o.e.m.c.i.embedder.EclipseLogger - Using 'UTF-8' encoding to copy filtered resources.
2020-08-01 12:03:32,726 [Worker-52: Building] INFO  o.e.m.c.i.embedder.EclipseLogger - Copying 0 resource
2020-08-01 12:03:32,728 [Worker-52: Building] INFO  o.e.m.c.i.embedder.EclipseLogger - Using 'UTF-8' encoding to copy filtered resources.
2020-08-01 12:03:32,728 [Worker-52: Building] INFO  o.e.m.c.i.embedder.EclipseLogger - skip non existing resourceDirectory C:\Users\Lenovo\Desktop\CanteenManagement\cms\src\test\resources
2020-08-01 12:05:19,041 [Worker-55: Building] INFO  o.e.m.c.i.l.LifecycleMappingFactory - Using org.maven.ide.eclipse.wtp.WarLifecycleMapping lifecycle mapping for MavenProject: dxc:CanteenManagement:0.0.1-SNAPSHOT @ C:\Users\Lenovo\Desktop\CanteenManagement\pom.xml.
2020-08-01 12:05:20,201 [Worker-55: Building] INFO  o.e.m.c.i.embedder.EclipseLogger - Using 'UTF-8' encoding to copy filtered resources.
2020-08-01 12:05:20,203 [Worker-55: Building] INFO  o.e.m.c.i.embedder.EclipseLogger - Copying 0 resource
2020-08-01 12:05:20,207 [Worker-55: Building] INFO  o.e.m.c.i.embedder.EclipseLogger - Using 'UTF-8' encoding to copy filtered resources.
2020-08-01 12:05:20,207 [Worker-55: Building] INFO  o.e.m.c.i.embedder.EclipseLogger - skip non existing resourceDirectory C:\Users\Lenovo\Desktop\CanteenManagement\src\test\resources
2020-08-01 12:05:20,209 [Worker-55: Building] INFO  o.e.m.w.i.f.ResourceFilteringBuildParticipant - Changed resources require a complete clean of filtered resources of CanteenManagement
2020-08-01 12:05:20,210 [Worker-55: Building] INFO  o.e.m.w.i.f.ResourceFilteringBuildParticipant - Executing resource filtering for CanteenManagement
2020-08-01 12:05:20,238 [Worker-55: Building] INFO  o.e.m.c.i.embedder.EclipseLogger - Using 'UTF-8' encoding to copy filtered resources.
2020-08-01 12:05:21,849 [Worker-52: Building] INFO  o.e.m.c.i.embedder.EclipseLogger - Using 'UTF-8' encoding to copy filtered resources.
2020-08-01 12:05:21,850 [Worker-52: Building] INFO  o.e.m.c.i.embedder.EclipseLogger - Copying 0 resource
2020-08-01 12:05:21,853 [Worker-52: Building] INFO  o.e.m.c.i.embedder.EclipseLogger - Using 'UTF-8' encoding to copy filtered resources.
2020-08-01 12:05:21,854 [Worker-52: Building] INFO  o.e.m.c.i.embedder.EclipseLogger - skip non existing resourceDirectory C:\Users\Lenovo\Desktop\CanteenManagement\src\test\resources
2020-08-02 20:13:54,259 [Worker-243: Building] INFO  o.e.m.c.i.l.LifecycleMappingFactory - Using org.maven.ide.eclipse.wtp.WarLifecycleMapping lifecycle mapping for MavenProject: dxc:SpringMvcEmployCrud:0.0.1-SNAPSHOT @ C:\Users\Lenovo\Desktop\session24\SpringMvcEmployCrud\pom.xml.
2020-08-02 20:14:06,477 [Worker-243: Building] INFO  o.e.m.c.i.e.AbstractTransferListenerAdapter - Downloading https://repo.maven.apache.org/maven2/javax/servlet/jstl/1.2/jstl-1.2.pom
2020-08-02 20:14:07,412 [Worker-243: Building] INFO  o.e.m.c.i.e.AbstractTransferListenerAdapter - Downloaded https://repo.maven.apache.org/maven2/javax/servlet/jstl/1.2/jstl-1.2.pom
2020-08-02 20:14:13,117 [Worker-243: Building] INFO  o.e.m.c.i.e.AbstractTransferListenerAdapter - Downloading https://repo.maven.apache.org/maven2/javax/servlet/jstl/1.2/jstl-1.2.jar
2020-08-02 20:14:14,353 [Worker-243: Building] INFO  o.e.m.c.i.e.AbstractTransferListenerAdapter - Downloaded https://repo.maven.apache.org/maven2/javax/servlet/jstl/1.2/jstl-1.2.jar
2020-08-02 20:14:19,416 [Worker-243: Building] INFO  o.e.m.c.i.embedder.EclipseLogger - Using 'UTF-8' encoding to copy filtered resources.
2020-08-02 20:14:19,417 [Worker-243: Building] INFO  o.e.m.c.i.embedder.EclipseLogger - Copying 0 resource
2020-08-02 20:14:19,425 [Worker-243: Building] INFO  o.e.m.c.i.embedder.EclipseLogger - Using 'UTF-8' encoding to copy filtered resources.
2020-08-02 20:14:19,425 [Worker-243: Building] INFO  o.e.m.c.i.embedder.EclipseLogger - skip non existing resourceDirectory C:\Users\Lenovo\Desktop\session24\SpringMvcEmployCrud\src\test\resources
2020-08-02 20:14:20,628 [Worker-242: Download sources and javadoc] INFO  o.e.m.c.i.e.AbstractTransferListenerAdapter - Downloading https://repo.maven.apache.org/maven2/javax/servlet/jstl/1.2/jstl-1.2-sources.jar
2020-08-02 20:14:21,517 [Worker-243: Building] INFO  o.e.m.c.i.embedder.EclipseLogger - Using 'UTF-8' encoding to copy filtered resources.
2020-08-02 20:14:21,517 [Worker-243: Building] INFO  o.e.m.c.i.embedder.EclipseLogger - Copying 0 resource
2020-08-02 20:14:21,519 [Worker-243: Building] INFO  o.e.m.c.i.embedder.EclipseLogger - Using 'UTF-8' encoding to copy filtered resources.
2020-08-02 20:14:21,524 [Worker-243: Building] INFO  o.e.m.c.i.embedder.EclipseLogger - skip non existing resourceDirectory C:\Users\Lenovo\Desktop\session24\SpringMvcEmployCrud\src\test\resources
2020-08-02 20:14:22,235 [Worker-242: Download sources and javadoc] INFO  o.e.m.c.i.e.AbstractTransferListenerAdapter - Downloaded https://repo.maven.apache.org/maven2/javax/servlet/jstl/1.2/jstl-1.2-sources.jar
2020-08-02 20:14:25,025 [Worker-242: Download sources and javadoc] INFO  o.e.m.j.internal.DownloadSourcesJob - Downloaded sources for javax.servlet:jstl:1.2
2020-08-02 20:14:31,474 [Worker-245: Building] INFO  o.e.m.c.i.embedder.EclipseLogger - Using 'UTF-8' encoding to copy filtered resources.
2020-08-02 20:14:31,475 [Worker-245: Building] INFO  o.e.m.c.i.embedder.EclipseLogger - Copying 0 resource
2020-08-02 20:14:31,478 [Worker-245: Building] INFO  o.e.m.c.i.embedder.EclipseLogger - Using 'UTF-8' encoding to copy filtered resources.
2020-08-02 20:14:31,478 [Worker-245: Building] INFO  o.e.m.c.i.embedder.EclipseLogger - skip non existing resourceDirectory C:\Users\Lenovo\Desktop\session24\SpringMvcEmployCrud\src\test\resources
2020-08-02 20:26:00,869 [Worker-232: Building] INFO  o.e.m.c.i.l.LifecycleMappingFactory - Using org.maven.ide.eclipse.wtp.WarLifecycleMapping lifecycle mapping for MavenProject: dxc:SpringMvcEmployCrud:0.0.1-SNAPSHOT @ C:\Users\Lenovo\Desktop\session24\SpringMvcEmployCrud\pom.xml.
2020-08-02 20:26:02,637 [Worker-232: Building] INFO  o.e.m.c.i.embedder.EclipseLogger - Using 'UTF-8' encoding to copy filtered resources.
2020-08-02 20:26:02,638 [Worker-232: Building] INFO  o.e.m.c.i.embedder.EclipseLogger - Copying 0 resource
2020-08-02 20:26:02,640 [Worker-232: Building] INFO  o.e.m.c.i.embedder.EclipseLogger - Using 'UTF-8' encoding to copy filtered resources.
2020-08-02 20:26:02,640 [Worker-232: Building] INFO  o.e.m.c.i.embedder.EclipseLogger - skip non existing resourceDirectory C:\Users\Lenovo\Desktop\session24\SpringMvcEmployCrud\src\test\resources
2020-08-02 20:26:02,641 [Worker-232: Building] INFO  o.e.m.w.i.f.ResourceFilteringBuildParticipant - Changed resources require a complete clean of filtered resources of SpringMvcEmployCrud
2020-08-02 20:26:02,641 [Worker-232: Building] INFO  o.e.m.w.i.f.ResourceFilteringBuildParticipant - Executing resource filtering for SpringMvcEmployCrud
2020-08-02 20:26:02,704 [Worker-232: Building] INFO  o.e.m.c.i.embedder.EclipseLogger - Using 'UTF-8' encoding to copy filtered resources.
2020-08-02 20:26:05,102 [Worker-238: Building] INFO  o.e.m.c.i.embedder.EclipseLogger - Using 'UTF-8' encoding to copy filtered resources.
2020-08-02 20:26:05,103 [Worker-238: Building] INFO  o.e.m.c.i.embedder.EclipseLogger - Copying 0 resource
2020-08-02 20:26:05,106 [Worker-238: Building] INFO  o.e.m.c.i.embedder.EclipseLogger - Using 'UTF-8' encoding to copy filtered resources.
2020-08-02 20:26:05,106 [Worker-238: Building] INFO  o.e.m.c.i.embedder.EclipseLogger - skip non existing resourceDirectory C:\Users\Lenovo\Desktop\session24\SpringMvcEmployCrud\src\test\resources
2020-08-02 20:30:06,982 [Worker-250: Building] INFO  o.e.m.c.i.embedder.EclipseLogger - Using 'UTF-8' encoding to copy filtered resources.
2020-08-02 20:30:06,983 [Worker-250: Building] INFO  o.e.m.c.i.embedder.EclipseLogger - Copying 0 resource
2020-08-02 20:30:06,986 [Worker-250: Building] INFO  o.e.m.c.i.embedder.EclipseLogger - Using 'UTF-8' encoding to copy filtered resources.
2020-08-02 20:30:06,986 [Worker-250: Building] INFO  o.e.m.c.i.embedder.EclipseLogger - skip non existing resourceDirectory C:\Users\Lenovo\Desktop\session24\SpringMvcEmployCrud\src\test\resources
2020-08-02 20:30:26,814 [Worker-232: Building] INFO  o.e.m.c.i.embedder.EclipseLogger - Using 'UTF-8' encoding to copy filtered resources.
2020-08-02 20:30:26,815 [Worker-232: Building] INFO  o.e.m.c.i.embedder.EclipseLogger - Copying 0 resource
2020-08-02 20:30:26,818 [Worker-232: Building] INFO  o.e.m.c.i.embedder.EclipseLogger - Using 'UTF-8' encoding to copy filtered resources.
2020-08-02 20:30:26,818 [Worker-232: Building] INFO  o.e.m.c.i.embedder.EclipseLogger - skip non existing resourceDirectory C:\Users\Lenovo\Desktop\session24\SpringMvcEmployCrud\src\test\resources
2020-08-02 20:31:33,164 [Worker-250: Building] INFO  o.e.m.c.i.embedder.EclipseLogger - Using 'UTF-8' encoding to copy filtered resources.
2020-08-02 20:31:33,165 [Worker-250: Building] INFO  o.e.m.c.i.embedder.EclipseLogger - Copying 0 resource
2020-08-02 20:31:33,172 [Worker-250: Building] INFO  o.e.m.c.i.embedder.EclipseLogger - Using 'UTF-8' encoding to copy filtered resources.
2020-08-02 20:31:33,173 [Worker-250: Building] INFO  o.e.m.c.i.embedder.EclipseLogger - skip non existing resourceDirectory C:\Users\Lenovo\Desktop\session24\SpringMvcEmployCrud\src\test\resources
2020-08-02 20:32:36,319 [Worker-249: Creating jersey-quickstart-webapp] INFO  o.e.m.c.i.p.ProjectConfigurationManager - Collecting project info '/pom.xml' C:\Users\Lenovo\Desktop\SpringDemo1\BankSpring\pom.xml
2020-08-02 20:32:38,605 [Worker-249: Creating jersey-quickstart-webapp] INFO  o.e.m.c.i.l.LifecycleMappingFactory - Using org.maven.ide.eclipse.wtp.WarLifecycleMapping lifecycle mapping for MavenProject: dxc:BankSpring:0.0.1-SNAPSHOT @ C:\Users\Lenovo\Desktop\SpringDemo1\BankSpring\pom.xml.
2020-08-02 20:32:51,957 [Worker-249: Creating jersey-quickstart-webapp] INFO  o.e.m.j.i.AbstractJavaProjectConfigurator - Adding source folder /BankSpring/src/main/java
2020-08-02 20:32:51,959 [Worker-249: Creating jersey-quickstart-webapp] INFO  o.e.m.j.i.AbstractJavaProjectConfigurator - Adding resource folder /BankSpring/src/main/resources
2020-08-02 20:32:52,009 [Worker-249: Creating jersey-quickstart-webapp] INFO  o.e.m.j.i.AbstractJavaProjectConfigurator - Adding source folder /BankSpring/src/test/java
2020-08-02 20:33:04,778 [Worker-249: Creating jersey-quickstart-webapp] INFO  o.e.m.c.i.p.ProjectConfigurationManager - Imported and configured 1 project(s) in 28 sec
2020-08-02 20:33:09,470 [Worker-251: Building] INFO  o.e.m.c.i.embedder.EclipseLogger - Using 'UTF-8' encoding to copy filtered resources.
2020-08-02 20:33:09,471 [Worker-251: Building] INFO  o.e.m.c.i.embedder.EclipseLogger - Copying 0 resource
2020-08-02 20:33:09,474 [Worker-251: Building] INFO  o.e.m.c.i.embedder.EclipseLogger - Using 'UTF-8' encoding to copy filtered resources.
2020-08-02 20:33:09,475 [Worker-251: Building] INFO  o.e.m.c.i.embedder.EclipseLogger - skip non existing resourceDirectory C:\Users\Lenovo\Desktop\SpringDemo1\BankSpring\src\test\resources
2020-08-02 20:46:38,501 [Worker-254: Building] INFO  o.e.m.c.i.embedder.EclipseLogger - Using 'UTF-8' encoding to copy filtered resources.
2020-08-02 20:46:38,504 [Worker-254: Building] INFO  o.e.m.c.i.embedder.EclipseLogger - Copying 0 resource
2020-08-02 20:46:38,507 [Worker-254: Building] INFO  o.e.m.c.i.embedder.EclipseLogger - Using 'UTF-8' encoding to copy filtered resources.
2020-08-02 20:46:38,508 [Worker-254: Building] INFO  o.e.m.c.i.embedder.EclipseLogger - skip non existing resourceDirectory C:\Users\Lenovo\Desktop\SpringDemo1\BankSpring\src\test\resources
2020-08-02 20:53:18,816 [Worker-254: Building] INFO  o.e.m.c.i.l.LifecycleMappingFactory - Using org.maven.ide.eclipse.wtp.WarLifecycleMapping lifecycle mapping for MavenProject: dxc:CanteenManagement:0.0.1-SNAPSHOT @ C:\Users\Lenovo\Desktop\CanteenManagement\pom.xml.
2020-08-02 20:53:20,504 [Worker-254: Building] INFO  o.e.m.c.i.embedder.EclipseLogger - Using 'UTF-8' encoding to copy filtered resources.
2020-08-02 20:53:20,505 [Worker-254: Building] INFO  o.e.m.c.i.embedder.EclipseLogger - Copying 0 resource
2020-08-02 20:53:20,507 [Worker-254: Building] INFO  o.e.m.c.i.embedder.EclipseLogger - Using 'UTF-8' encoding to copy filtered resources.
2020-08-02 20:53:20,507 [Worker-254: Building] INFO  o.e.m.c.i.embedder.EclipseLogger - skip non existing resourceDirectory C:\Users\Lenovo\Desktop\CanteenManagement\src\test\resources
2020-08-02 20:53:20,508 [Worker-254: Building] INFO  o.e.m.w.i.f.ResourceFilteringBuildParticipant - Changed resources require a complete clean of filtered resources of CanteenManagement
2020-08-02 20:53:20,508 [Worker-254: Building] INFO  o.e.m.w.i.f.ResourceFilteringBuildParticipant - Executing resource filtering for CanteenManagement
2020-08-02 20:53:23,094 [Worker-254: Building] INFO  o.e.m.c.i.embedder.EclipseLogger - Using 'UTF-8' encoding to copy filtered resources.
2020-08-02 20:53:24,592 [Worker-259: Building] INFO  o.e.m.c.i.embedder.EclipseLogger - Using 'UTF-8' encoding to copy filtered resources.
2020-08-02 20:53:24,593 [Worker-259: Building] INFO  o.e.m.c.i.embedder.EclipseLogger - Copying 0 resource
2020-08-02 20:53:24,595 [Worker-259: Building] INFO  o.e.m.c.i.embedder.EclipseLogger - Using 'UTF-8' encoding to copy filtered resources.
2020-08-02 20:53:24,595 [Worker-259: Building] INFO  o.e.m.c.i.embedder.EclipseLogger - skip non existing resourceDirectory C:\Users\Lenovo\Desktop\CanteenManagement\src\test\resources
2020-08-02 20:53:59,478 [Worker-254: Building] INFO  o.e.m.c.i.l.LifecycleMappingFactory - Using org.maven.ide.eclipse.wtp.WarLifecycleMapping lifecycle mapping for MavenProject: dxc:BankSpring:0.0.1-SNAPSHOT @ C:\Users\Lenovo\Desktop\SpringDemo1\BankSpring\pom.xml.
2020-08-02 20:54:02,177 [Worker-254: Building] INFO  o.e.m.c.i.embedder.EclipseLogger - Using 'UTF-8' encoding to copy filtered resources.
2020-08-02 20:54:02,178 [Worker-254: Building] INFO  o.e.m.c.i.embedder.EclipseLogger - Copying 0 resource
2020-08-02 20:54:02,180 [Worker-254: Building] INFO  o.e.m.c.i.embedder.EclipseLogger - Using 'UTF-8' encoding to copy filtered resources.
2020-08-02 20:54:02,180 [Worker-254: Building] INFO  o.e.m.c.i.embedder.EclipseLogger - skip non existing resourceDirectory C:\Users\Lenovo\Desktop\SpringDemo1\BankSpring\src\test\resources
2020-08-02 20:54:02,181 [Worker-254: Building] INFO  o.e.m.w.i.f.ResourceFilteringBuildParticipant - Changed resources require a complete clean of filtered resources of BankSpring
2020-08-02 20:54:02,181 [Worker-254: Building] INFO  o.e.m.w.i.f.ResourceFilteringBuildParticipant - Executing resource filtering for BankSpring
2020-08-02 20:54:02,186 [Worker-254: Building] INFO  o.e.m.c.i.embedder.EclipseLogger - Using 'UTF-8' encoding to copy filtered resources.
2020-08-02 20:54:04,630 [Worker-257: Building] INFO  o.e.m.c.i.embedder.EclipseLogger - Using 'UTF-8' encoding to copy filtered resources.
2020-08-02 20:54:04,631 [Worker-257: Building] INFO  o.e.m.c.i.embedder.EclipseLogger - Copying 0 resource
2020-08-02 20:54:04,695 [Worker-257: Building] INFO  o.e.m.c.i.embedder.EclipseLogger - Using 'UTF-8' encoding to copy filtered resources.
2020-08-02 20:54:04,696 [Worker-257: Building] INFO  o.e.m.c.i.embedder.EclipseLogger - skip non existing resourceDirectory C:\Users\Lenovo\Desktop\SpringDemo1\BankSpring\src\test\resources
2020-08-02 20:54:57,162 [Worker-259: Building] INFO  o.e.m.c.i.embedder.EclipseLogger - Using 'UTF-8' encoding to copy filtered resources.
2020-08-02 20:54:57,164 [Worker-259: Building] INFO  o.e.m.c.i.embedder.EclipseLogger - Copying 0 resource
2020-08-02 20:54:57,166 [Worker-259: Building] INFO  o.e.m.c.i.embedder.EclipseLogger - Using 'UTF-8' encoding to copy filtered resources.
2020-08-02 20:54:57,167 [Worker-259: Building] INFO  o.e.m.c.i.embedder.EclipseLogger - skip non existing resourceDirectory C:\Users\Lenovo\Desktop\SpringDemo1\BankSpring\src\test\resources
2020-08-02 22:05:08,465 [Worker-263: Building] INFO  o.e.m.c.i.embedder.EclipseLogger - Using 'UTF-8' encoding to copy filtered resources.
2020-08-02 22:05:08,495 [Worker-263: Building] INFO  o.e.m.c.i.embedder.EclipseLogger - Copying 0 resource
2020-08-02 22:05:08,497 [Worker-263: Building] INFO  o.e.m.c.i.embedder.EclipseLogger - Using 'UTF-8' encoding to copy filtered resources.
2020-08-02 22:05:08,498 [Worker-263: Building] INFO  o.e.m.c.i.embedder.EclipseLogger - skip non existing resourceDirectory C:\Users\Lenovo\Desktop\SpringDemo1\BankSpring\src\test\resources
2020-08-02 22:05:20,908 [Worker-263: Building] INFO  o.e.m.c.i.embedder.EclipseLogger - Using 'UTF-8' encoding to copy filtered resources.
2020-08-02 22:05:20,909 [Worker-263: Building] INFO  o.e.m.c.i.embedder.EclipseLogger - Copying 0 resource
2020-08-02 22:05:20,911 [Worker-263: Building] INFO  o.e.m.c.i.embedder.EclipseLogger - Using 'UTF-8' encoding to copy filtered resources.
2020-08-02 22:05:20,912 [Worker-263: Building] INFO  o.e.m.c.i.embedder.EclipseLogger - skip non existing resourceDirectory C:\Users\Lenovo\Desktop\SpringDemo1\BankSpring\src\test\resources
2020-08-02 22:05:49,184 [Worker-268: Building] INFO  o.e.m.c.i.embedder.EclipseLogger - Using 'UTF-8' encoding to copy filtered resources.
2020-08-02 22:05:49,185 [Worker-268: Building] INFO  o.e.m.c.i.embedder.EclipseLogger - Copying 0 resource
2020-08-02 22:05:49,189 [Worker-268: Building] INFO  o.e.m.c.i.embedder.EclipseLogger - Using 'UTF-8' encoding to copy filtered resources.
2020-08-02 22:05:49,189 [Worker-268: Building] INFO  o.e.m.c.i.embedder.EclipseLogger - skip non existing resourceDirectory C:\Users\Lenovo\Desktop\SpringDemo1\BankSpring\src\test\resources
2020-08-02 22:18:49,895 [Worker-281: Building] INFO  o.e.m.c.i.embedder.EclipseLogger - Using 'UTF-8' encoding to copy filtered resources.
2020-08-02 22:18:49,897 [Worker-281: Building] INFO  o.e.m.c.i.embedder.EclipseLogger - Copying 0 resource
2020-08-02 22:18:49,899 [Worker-281: Building] INFO  o.e.m.c.i.embedder.EclipseLogger - Using 'UTF-8' encoding to copy filtered resources.
2020-08-02 22:18:49,900 [Worker-281: Building] INFO  o.e.m.c.i.embedder.EclipseLogger - skip non existing resourceDirectory C:\Users\Lenovo\Desktop\SpringDemo1\BankSpring\src\test\resources
2020-08-02 22:18:54,222 [Worker-281: Building] INFO  o.e.m.c.i.l.LifecycleMappingFactory - Using org.maven.ide.eclipse.wtp.WarLifecycleMapping lifecycle mapping for MavenProject: dxc:SpringMvcEmployCrud:0.0.1-SNAPSHOT @ C:\Users\Lenovo\Desktop\session24\SpringMvcEmployCrud\pom.xml.
2020-08-02 22:19:02,630 [Worker-281: Building] INFO  o.e.m.c.i.embedder.EclipseLogger - Using 'UTF-8' encoding to copy filtered resources.
2020-08-02 22:19:02,631 [Worker-281: Building] INFO  o.e.m.c.i.embedder.EclipseLogger - Copying 0 resource
2020-08-02 22:19:02,633 [Worker-281: Building] INFO  o.e.m.c.i.embedder.EclipseLogger - Using 'UTF-8' encoding to copy filtered resources.
2020-08-02 22:19:02,633 [Worker-281: Building] INFO  o.e.m.c.i.embedder.EclipseLogger - skip non existing resourceDirectory C:\Users\Lenovo\Desktop\session24\SpringMvcEmployCrud\src\test\resources
2020-08-02 22:19:02,634 [Worker-281: Building] INFO  o.e.m.w.i.f.ResourceFilteringBuildParticipant - Changed resources require a complete clean of filtered resources of SpringMvcEmployCrud
2020-08-02 22:19:02,634 [Worker-281: Building] INFO  o.e.m.w.i.f.ResourceFilteringBuildParticipant - Executing resource filtering for SpringMvcEmployCrud
2020-08-02 22:19:07,362 [Worker-281: Building] INFO  o.e.m.c.i.embedder.EclipseLogger - Using 'UTF-8' encoding to copy filtered resources.
2020-08-02 22:19:08,173 [Worker-278: Building] INFO  o.e.m.c.i.embedder.EclipseLogger - Using 'UTF-8' encoding to copy filtered resources.
2020-08-02 22:19:08,173 [Worker-278: Building] INFO  o.e.m.c.i.embedder.EclipseLogger - Copying 0 resource
2020-08-02 22:19:08,175 [Worker-278: Building] INFO  o.e.m.c.i.embedder.EclipseLogger - Using 'UTF-8' encoding to copy filtered resources.
2020-08-02 22:19:08,176 [Worker-278: Building] INFO  o.e.m.c.i.embedder.EclipseLogger - skip non existing resourceDirectory C:\Users\Lenovo\Desktop\session24\SpringMvcEmployCrud\src\test\resources
2020-08-02 22:19:31,457 [Worker-280: Building] INFO  o.e.m.c.i.embedder.EclipseLogger - Using 'UTF-8' encoding to copy filtered resources.
2020-08-02 22:19:31,459 [Worker-280: Building] INFO  o.e.m.c.i.embedder.EclipseLogger - Copying 0 resource
2020-08-02 22:19:31,461 [Worker-280: Building] INFO  o.e.m.c.i.embedder.EclipseLogger - Using 'UTF-8' encoding to copy filtered resources.
2020-08-02 22:19:31,462 [Worker-280: Building] INFO  o.e.m.c.i.embedder.EclipseLogger - skip non existing resourceDirectory C:\Users\Lenovo\Desktop\SpringDemo1\BankSpring\src\test\resources
2020-08-02 22:19:57,381 [Worker-274: Building] INFO  o.e.m.c.i.embedder.EclipseLogger - Using 'UTF-8' encoding to copy filtered resources.
2020-08-02 22:19:57,383 [Worker-274: Building] INFO  o.e.m.c.i.embedder.EclipseLogger - Copying 0 resource
2020-08-02 22:19:57,385 [Worker-274: Building] INFO  o.e.m.c.i.embedder.EclipseLogger - Using 'UTF-8' encoding to copy filtered resources.
2020-08-02 22:19:57,386 [Worker-274: Building] INFO  o.e.m.c.i.embedder.EclipseLogger - skip non existing resourceDirectory C:\Users\Lenovo\Desktop\SpringDemo1\BankSpring\src\test\resources
2020-08-02 22:23:08,186 [Worker-280: Building] INFO  o.e.m.c.i.embedder.EclipseLogger - Using 'UTF-8' encoding to copy filtered resources.
2020-08-02 22:23:08,188 [Worker-280: Building] INFO  o.e.m.c.i.embedder.EclipseLogger - Copying 0 resource
2020-08-02 22:23:08,190 [Worker-280: Building] INFO  o.e.m.c.i.embedder.EclipseLogger - Using 'UTF-8' encoding to copy filtered resources.
2020-08-02 22:23:08,191 [Worker-280: Building] INFO  o.e.m.c.i.embedder.EclipseLogger - skip non existing resourceDirectory C:\Users\Lenovo\Desktop\SpringDemo1\BankSpring\src\test\resources
2020-08-02 22:24:14,534 [Worker-280: Building] INFO  o.e.m.c.i.embedder.EclipseLogger - Using 'UTF-8' encoding to copy filtered resources.
2020-08-02 22:24:14,535 [Worker-280: Building] INFO  o.e.m.c.i.embedder.EclipseLogger - Copying 0 resource
2020-08-02 22:24:14,537 [Worker-280: Building] INFO  o.e.m.c.i.embedder.EclipseLogger - Using 'UTF-8' encoding to copy filtered resources.
2020-08-02 22:24:14,538 [Worker-280: Building] INFO  o.e.m.c.i.embedder.EclipseLogger - skip non existing resourceDirectory C:\Users\Lenovo\Desktop\SpringDemo1\BankSpring\src\test\resources
2020-08-02 22:24:14,975 [Worker-282: Building] INFO  o.e.m.c.i.embedder.EclipseLogger - Using 'UTF-8' encoding to copy filtered resources.
2020-08-02 22:24:14,976 [Worker-282: Building] INFO  o.e.m.c.i.embedder.EclipseLogger - Copying 0 resource
2020-08-02 22:24:14,978 [Worker-282: Building] INFO  o.e.m.c.i.embedder.EclipseLogger - Using 'UTF-8' encoding to copy filtered resources.
2020-08-02 22:24:14,978 [Worker-282: Building] INFO  o.e.m.c.i.embedder.EclipseLogger - skip non existing resourceDirectory C:\Users\Lenovo\Desktop\SpringDemo1\BankSpring\src\test\resources
2020-08-04 14:57:08,358 [Worker-15: Building] INFO  o.e.m.c.i.embedder.EclipseLogger - Using 'UTF-8' encoding to copy filtered resources.
2020-08-04 14:57:08,418 [Worker-15: Building] INFO  o.e.m.c.i.embedder.EclipseLogger - Copying 0 resource
2020-08-04 14:57:08,464 [Worker-15: Building] INFO  o.e.m.c.i.embedder.EclipseLogger - Using 'UTF-8' encoding to copy filtered resources.
2020-08-04 14:57:08,464 [Worker-15: Building] INFO  o.e.m.c.i.embedder.EclipseLogger - skip non existing resourceDirectory C:\Users\Lenovo\Desktop\SpringDemo1\BankSpring\src\test\resources
2020-08-04 14:57:19,279 [Worker-15: Building] INFO  o.e.m.c.i.embedder.EclipseLogger - Using 'UTF-8' encoding to copy filtered resources.
2020-08-04 14:57:19,311 [Worker-15: Building] INFO  o.e.m.c.i.embedder.EclipseLogger - Copying 0 resource
2020-08-04 14:57:19,315 [Worker-15: Building] INFO  o.e.m.c.i.embedder.EclipseLogger - Using 'UTF-8' encoding to copy filtered resources.
2020-08-04 14:57:19,316 [Worker-15: Building] INFO  o.e.m.c.i.embedder.EclipseLogger - skip non existing resourceDirectory C:\Users\Lenovo\Desktop\CanteenManagement\src\test\resources
2020-08-04 14:57:22,124 [Worker-15: Building] INFO  o.e.m.c.i.embedder.EclipseLogger - Using 'UTF-8' encoding to copy filtered resources.
2020-08-04 14:57:22,126 [Worker-15: Building] INFO  o.e.m.c.i.embedder.EclipseLogger - Copying 0 resource
2020-08-04 14:57:22,129 [Worker-15: Building] INFO  o.e.m.c.i.embedder.EclipseLogger - Using 'UTF-8' encoding to copy filtered resources.
2020-08-04 14:57:22,129 [Worker-15: Building] INFO  o.e.m.c.i.embedder.EclipseLogger - skip non existing resourceDirectory C:\Users\Lenovo\Desktop\SpringDemo\HelloSpringEx\src\test\resources
2020-08-04 14:57:25,151 [Worker-15: Building] INFO  o.e.m.c.i.embedder.EclipseLogger - Using 'UTF-8' encoding to copy filtered resources.
2020-08-04 14:57:25,169 [Worker-15: Building] INFO  o.e.m.c.i.embedder.EclipseLogger - Copying 0 resource
2020-08-04 14:57:25,173 [Worker-15: Building] INFO  o.e.m.c.i.embedder.EclipseLogger - Using 'UTF-8' encoding to copy filtered resources.
2020-08-04 14:57:25,173 [Worker-15: Building] INFO  o.e.m.c.i.embedder.EclipseLogger - skip non existing resourceDirectory C:\Users\Lenovo\Desktop\session24\SpringMvcEmployCrud\src\test\resources
2020-08-04 14:57:26,718 [Worker-15: Building] INFO  o.e.m.c.i.embedder.EclipseLogger - Using 'UTF-8' encoding to copy filtered resources.
2020-08-04 14:57:26,780 [Worker-15: Building] INFO  o.e.m.c.i.embedder.EclipseLogger - Copying 0 resource
2020-08-04 14:57:26,782 [Worker-15: Building] INFO  o.e.m.c.i.embedder.EclipseLogger - Using 'UTF-8' encoding to copy filtered resources.
2020-08-04 14:57:26,785 [Worker-15: Building] INFO  o.e.m.c.i.embedder.EclipseLogger - skip non existing resourceDirectory C:\Users\Lenovo\Desktop\CanteenManagement\cms\src\test\resources
2020-08-04 14:57:35,646 [Worker-7: Build] INFO  o.e.m.c.i.embedder.EclipseLogger - Using 'UTF-8' encoding to copy filtered resources.
2020-08-04 14:57:35,675 [Worker-7: Build] INFO  o.e.m.c.i.embedder.EclipseLogger - Copying 0 resource
2020-08-04 14:57:35,680 [Worker-7: Build] INFO  o.e.m.c.i.embedder.EclipseLogger - Using 'UTF-8' encoding to copy filtered resources.
2020-08-04 14:57:35,680 [Worker-7: Build] INFO  o.e.m.c.i.embedder.EclipseLogger - skip non existing resourceDirectory C:\Users\Lenovo\Desktop\CanteenManagement\src\test\resources
2020-08-04 15:11:31,061 [Worker-1: Loading available Gradle versions] INFO  o.e.b.c.i.u.g.PublishedGradleVersions - Gradle version information cache is out-of-date. Trying to update.
2020-08-04 15:12:00,044 [Worker-1: Loading available Gradle versions] INFO  o.e.b.c.i.u.g.PublishedGradleVersions - Updating Gradle version information cache failed. Using outdated cache.
2020-08-04 15:12:10,341 [Worker-9: Building] INFO  o.e.m.c.i.embedder.EclipseLogger - Using 'UTF-8' encoding to copy filtered resources.
2020-08-04 15:12:10,349 [Worker-9: Building] INFO  o.e.m.c.i.embedder.EclipseLogger - Copying 0 resource
2020-08-04 15:12:10,356 [Worker-9: Building] INFO  o.e.m.c.i.embedder.EclipseLogger - Using 'UTF-8' encoding to copy filtered resources.
2020-08-04 15:12:10,356 [Worker-9: Building] INFO  o.e.m.c.i.embedder.EclipseLogger - skip non existing resourceDirectory C:\Users\Lenovo\Desktop\SpringDemo1\BankSpring\src\test\resources
2020-08-04 15:12:15,662 [Worker-9: Building] INFO  o.e.m.c.i.embedder.EclipseLogger - Using 'UTF-8' encoding to copy filtered resources.
2020-08-04 15:12:15,664 [Worker-9: Building] INFO  o.e.m.c.i.embedder.EclipseLogger - Copying 0 resource
2020-08-04 15:12:15,667 [Worker-9: Building] INFO  o.e.m.c.i.embedder.EclipseLogger - Using 'UTF-8' encoding to copy filtered resources.
2020-08-04 15:12:15,671 [Worker-9: Building] INFO  o.e.m.c.i.embedder.EclipseLogger - skip non existing resourceDirectory C:\Users\Lenovo\Desktop\SpringDemo\HelloSpringEx\src\test\resources
